2024-12-12 23:48:53,045 | INFO | 
model:
  name: ResNet8WithConvMixerEmbedding
  architecture:
    in_channels: 3
    out_channels: 10
    activation: ShiLU
    patch_size: 1
    depth: 4
    kernel_size: 3
optimizer:
  name: SGD
  parameters:
    lr: 0.1
    weight_decay: 0.0001
    momentum: 0.9
scheduler:
  num: 1
  scheduler0:
    name: MultiStepLR
    parameters:
      milestones: [45, 65]
      gamma: 0.1
dataset:
  name: CIFAR10
  batch_size: 128
  split:
    train: 0.9
    valid: 0.1
    test: 1.0
train:
  epochs: 90
  device: cuda:0
  save_path: ./checkpoints/shilu/cifar10/
  log_path: ./logs/shilu/cifar10/
  seed: 42
  save_every: 10
test:
  device: cuda:0
  checkpoint: ./checkpoints/shilu/cifar10/
  log_path: ./logs/shilu/cifar10/
  seed: 42
2024-12-12 23:48:53,048 | INFO | 
ResNet8WithConvMixerEmbedding(
  Patch Embedding: ConvMixerPatchEmbedding(
  (patch_embedding): Conv2d(3, 16, kernel_size=(1, 1), stride=(1, 1), bias=False)
  (bn): BatchNorm2d(16, eps=1e-05, momentum=0.1, affine=True, track_running_stats=True)
  (blocks): Sequential(
    (0): ConvMixerBlock(
      (depthwise_conv): Conv2d(16, 16, kernel_size=(3, 3), stride=(1, 1), padding=(1, 1), groups=16)
      (bn1): BatchNorm2d(16, eps=1e-05, momentum=0.1, affine=True, track_running_stats=True)
      (pointwise_conv): Conv2d(16, 16, kernel_size=(1, 1), stride=(1, 1))
      (activation1): ShiLU()
      (activation2): ShiLU()
      (bn2): BatchNorm2d(16, eps=1e-05, momentum=0.1, affine=True, track_running_stats=True)
    )
    (1): ConvMixerBlock(
      (depthwise_conv): Conv2d(16, 16, kernel_size=(3, 3), stride=(1, 1), padding=(1, 1), groups=16)
      (bn1): BatchNorm2d(16, eps=1e-05, momentum=0.1, affine=True, track_running_stats=True)
      (pointwise_conv): Conv2d(16, 16, kernel_size=(1, 1), stride=(1, 1))
      (activation1): ShiLU()
      (activation2): ShiLU()
      (bn2): BatchNorm2d(16, eps=1e-05, momentum=0.1, affine=True, track_running_stats=True)
    )
    (2): ConvMixerBlock(
      (depthwise_conv): Conv2d(16, 16, kernel_size=(3, 3), stride=(1, 1), padding=(1, 1), groups=16)
      (bn1): BatchNorm2d(16, eps=1e-05, momentum=0.1, affine=True, track_running_stats=True)
      (pointwise_conv): Conv2d(16, 16, kernel_size=(1, 1), stride=(1, 1))
      (activation1): ShiLU()
      (activation2): ShiLU()
      (bn2): BatchNorm2d(16, eps=1e-05, momentum=0.1, affine=True, track_running_stats=True)
    )
    (3): ConvMixerBlock(
      (depthwise_conv): Conv2d(16, 16, kernel_size=(3, 3), stride=(1, 1), padding=(1, 1), groups=16)
      (bn1): BatchNorm2d(16, eps=1e-05, momentum=0.1, affine=True, track_running_stats=True)
      (pointwise_conv): Conv2d(16, 16, kernel_size=(1, 1), stride=(1, 1))
      (activation1): ShiLU()
      (activation2): ShiLU()
      (bn2): BatchNorm2d(16, eps=1e-05, momentum=0.1, affine=True, track_running_stats=True)
    )
  )
)
  ResNet Model: ResNetCifar(
  (conv1): Identity()
  (layer1): Sequential(
    (0): BasicBlockCifar(
      (conv1): Conv2d(16, 16, kernel_size=(3, 3), stride=(1, 1), padding=(1, 1), bias=False)
      (bn1): BatchNorm2d(16, eps=1e-05, momentum=0.1, affine=True, track_running_stats=True)
      (conv2): Conv2d(16, 16, kernel_size=(3, 3), stride=(1, 1), padding=(1, 1), bias=False)
      (bn2): BatchNorm2d(16, eps=1e-05, momentum=0.1, affine=True, track_running_stats=True)
      (shortcut): Sequential()
      (relu): ShiLU()
    )
  )
  (layer2): Sequential(
    (0): BasicBlockCifar(
      (conv1): Conv2d(16, 32, kernel_size=(3, 3), stride=(2, 2), padding=(1, 1), bias=False)
      (bn1): BatchNorm2d(32, eps=1e-05, momentum=0.1, affine=True, track_running_stats=True)
      (conv2): Conv2d(32, 32, kernel_size=(3, 3), stride=(1, 1), padding=(1, 1), bias=False)
      (bn2): BatchNorm2d(32, eps=1e-05, momentum=0.1, affine=True, track_running_stats=True)
      (shortcut): LambdaLayerCifar()
      (relu): ShiLU()
    )
  )
  (layer3): Sequential(
    (0): BasicBlockCifar(
      (conv1): Conv2d(32, 64, kernel_size=(3, 3), stride=(2, 2), padding=(1, 1), bias=False)
      (bn1): BatchNorm2d(64, eps=1e-05, momentum=0.1, affine=True, track_running_stats=True)
      (conv2): Conv2d(64, 64, kernel_size=(3, 3), stride=(1, 1), padding=(1, 1), bias=False)
      (bn2): BatchNorm2d(64, eps=1e-05, momentum=0.1, affine=True, track_running_stats=True)
      (shortcut): LambdaLayerCifar()
      (relu): ShiLU()
    )
  )
  (fc): Linear(in_features=64, out_features=10, bias=True)
  (relu): ShiLU()
)
)
2024-12-12 23:48:53,052 | INFO | 
SGD (
Parameter Group 0
    dampening: 0
    differentiable: False
    foreach: None
    fused: None
    initial_lr: 0.1
    lr: 0.1
    maximize: False
    momentum: 0.9
    nesterov: False
    weight_decay: 0.0001
)
2024-12-12 23:48:53,053 | INFO | 
MultiStepLR (
  milestones: Counter({45: 1, 65: 1})
  gamma: 0.1
  base_lrs: [0.1]
  last_epoch: 0
  verbose: False
  _step_count: 1
  _get_lr_called_within_step: False
  _last_lr: [0.1]
)
2024-12-12 23:48:53,053 | INFO | 
CrossEntropyLoss()
2024-12-12 23:49:09,617 | INFO | cuda:0 epoch: 1/90 train_loss: 1.5941 valid_loss: 1.8685 epoch_time: 15.539 sec
2024-12-12 23:49:28,227 | INFO | cuda:0 epoch: 2/90 train_loss: 1.1759 valid_loss: 1.5132 epoch_time: 18.611 sec
2024-12-12 23:49:47,313 | INFO | cuda:0 epoch: 3/90 train_loss: 1.0262 valid_loss: 1.3920 epoch_time: 19.086 sec
2024-12-12 23:50:06,457 | INFO | cuda:0 epoch: 4/90 train_loss: 0.9292 valid_loss: 1.0290 epoch_time: 19.144 sec
2024-12-12 23:50:25,247 | INFO | cuda:0 epoch: 5/90 train_loss: 0.8581 valid_loss: 0.8731 epoch_time: 18.791 sec
2024-12-12 23:50:43,874 | INFO | cuda:0 epoch: 6/90 train_loss: 0.7994 valid_loss: 0.9222 epoch_time: 18.626 sec
2024-12-12 23:51:01,766 | INFO | cuda:0 epoch: 7/90 train_loss: 0.7440 valid_loss: 1.5094 epoch_time: 17.891 sec
2024-12-12 23:51:21,102 | INFO | cuda:0 epoch: 8/90 train_loss: 0.7074 valid_loss: 0.8326 epoch_time: 19.336 sec
2024-12-12 23:51:40,357 | INFO | cuda:0 epoch: 9/90 train_loss: 0.6729 valid_loss: 0.7214 epoch_time: 19.255 sec
2024-12-12 23:51:59,177 | INFO | cuda:0 epoch: 10/90 train_loss: 0.6423 valid_loss: 0.7378 epoch_time: 18.820 sec
2024-12-12 23:52:18,141 | INFO | cuda:0 epoch: 11/90 train_loss: 0.6166 valid_loss: 0.7576 epoch_time: 18.963 sec
2024-12-12 23:52:37,282 | INFO | cuda:0 epoch: 12/90 train_loss: 0.5954 valid_loss: 0.6348 epoch_time: 19.141 sec
2024-12-12 23:52:56,889 | INFO | cuda:0 epoch: 13/90 train_loss: 0.5804 valid_loss: 0.6302 epoch_time: 19.607 sec
2024-12-12 23:53:15,844 | INFO | cuda:0 epoch: 14/90 train_loss: 0.5654 valid_loss: 0.6927 epoch_time: 18.954 sec
2024-12-12 23:53:33,722 | INFO | cuda:0 epoch: 15/90 train_loss: 0.5444 valid_loss: 0.7646 epoch_time: 17.878 sec
2024-12-12 23:53:52,075 | INFO | cuda:0 epoch: 16/90 train_loss: 0.5403 valid_loss: 0.6857 epoch_time: 18.353 sec
2024-12-12 23:54:10,107 | INFO | cuda:0 epoch: 17/90 train_loss: 0.5303 valid_loss: 0.6232 epoch_time: 18.032 sec
2024-12-12 23:54:28,857 | INFO | cuda:0 epoch: 18/90 train_loss: 0.5195 valid_loss: 0.6077 epoch_time: 18.750 sec
2024-12-12 23:54:46,958 | INFO | cuda:0 epoch: 19/90 train_loss: 0.5123 valid_loss: 0.6579 epoch_time: 18.101 sec
2024-12-12 23:55:04,803 | INFO | cuda:0 epoch: 20/90 train_loss: 0.5045 valid_loss: 0.6229 epoch_time: 17.845 sec
2024-12-12 23:55:22,580 | INFO | cuda:0 epoch: 21/90 train_loss: 0.5012 valid_loss: 0.6060 epoch_time: 17.777 sec
2024-12-12 23:55:40,531 | INFO | cuda:0 epoch: 22/90 train_loss: 0.4893 valid_loss: 0.6789 epoch_time: 17.951 sec
2024-12-12 23:55:58,414 | INFO | cuda:0 epoch: 23/90 train_loss: 0.4901 valid_loss: 0.5756 epoch_time: 17.883 sec
2024-12-12 23:56:16,235 | INFO | cuda:0 epoch: 24/90 train_loss: 0.4794 valid_loss: 0.6602 epoch_time: 17.820 sec
2024-12-12 23:56:33,704 | INFO | cuda:0 epoch: 25/90 train_loss: 0.4763 valid_loss: 0.5970 epoch_time: 17.468 sec
2024-12-12 23:56:51,463 | INFO | cuda:0 epoch: 26/90 train_loss: 0.4701 valid_loss: 0.6758 epoch_time: 17.759 sec
2024-12-12 23:57:09,257 | INFO | cuda:0 epoch: 27/90 train_loss: 0.4652 valid_loss: 0.5666 epoch_time: 17.794 sec
2024-12-12 23:57:27,210 | INFO | cuda:0 epoch: 28/90 train_loss: 0.4630 valid_loss: 0.5954 epoch_time: 17.953 sec
2024-12-12 23:57:45,077 | INFO | cuda:0 epoch: 29/90 train_loss: 0.4548 valid_loss: 0.6339 epoch_time: 17.867 sec
2024-12-12 23:58:02,781 | INFO | cuda:0 epoch: 30/90 train_loss: 0.4548 valid_loss: 0.5529 epoch_time: 17.704 sec
2024-12-12 23:58:20,477 | INFO | cuda:0 epoch: 31/90 train_loss: 0.4474 valid_loss: 0.6866 epoch_time: 17.697 sec
2024-12-12 23:58:38,042 | INFO | cuda:0 epoch: 32/90 train_loss: 0.4474 valid_loss: 0.5754 epoch_time: 17.565 sec
2024-12-12 23:58:55,657 | INFO | cuda:0 epoch: 33/90 train_loss: 0.4385 valid_loss: 0.5596 epoch_time: 17.615 sec
2024-12-12 23:59:13,121 | INFO | cuda:0 epoch: 34/90 train_loss: 0.4416 valid_loss: 0.6338 epoch_time: 17.464 sec
2024-12-12 23:59:30,870 | INFO | cuda:0 epoch: 35/90 train_loss: 0.4286 valid_loss: 0.5426 epoch_time: 17.749 sec
2024-12-12 23:59:48,643 | INFO | cuda:0 epoch: 36/90 train_loss: 0.4322 valid_loss: 0.6099 epoch_time: 17.773 sec
2024-12-13 00:00:06,446 | INFO | cuda:0 epoch: 37/90 train_loss: 0.4302 valid_loss: 0.5845 epoch_time: 17.802 sec
2024-12-13 00:00:24,132 | INFO | cuda:0 epoch: 38/90 train_loss: 0.4302 valid_loss: 0.5490 epoch_time: 17.687 sec
2024-12-13 00:00:41,933 | INFO | cuda:0 epoch: 39/90 train_loss: 0.4215 valid_loss: 0.5050 epoch_time: 17.800 sec
2024-12-13 00:00:59,854 | INFO | cuda:0 epoch: 40/90 train_loss: 0.4181 valid_loss: 0.6236 epoch_time: 17.920 sec
2024-12-13 00:01:17,669 | INFO | cuda:0 epoch: 41/90 train_loss: 0.4197 valid_loss: 0.5679 epoch_time: 17.814 sec
2024-12-13 00:01:35,275 | INFO | cuda:0 epoch: 42/90 train_loss: 0.4185 valid_loss: 0.5364 epoch_time: 17.606 sec
2024-12-13 00:01:52,810 | INFO | cuda:0 epoch: 43/90 train_loss: 0.4132 valid_loss: 0.5553 epoch_time: 17.535 sec
2024-12-13 00:02:10,490 | INFO | cuda:0 epoch: 44/90 train_loss: 0.4122 valid_loss: 0.5615 epoch_time: 17.679 sec
2024-12-13 00:02:28,277 | INFO | cuda:0 epoch: 45/90 train_loss: 0.4143 valid_loss: 0.5517 epoch_time: 17.787 sec
2024-12-13 00:02:46,040 | INFO | cuda:0 epoch: 46/90 train_loss: 0.3179 valid_loss: 0.4469 epoch_time: 17.762 sec
2024-12-13 00:03:03,805 | INFO | cuda:0 epoch: 47/90 train_loss: 0.2909 valid_loss: 0.4373 epoch_time: 17.765 sec
2024-12-13 00:03:21,539 | INFO | cuda:0 epoch: 48/90 train_loss: 0.2772 valid_loss: 0.4364 epoch_time: 17.734 sec
2024-12-13 00:03:39,322 | INFO | cuda:0 epoch: 49/90 train_loss: 0.2647 valid_loss: 0.4298 epoch_time: 17.783 sec
2024-12-13 00:03:57,169 | INFO | cuda:0 epoch: 50/90 train_loss: 0.2653 valid_loss: 0.4350 epoch_time: 17.846 sec
2024-12-13 00:04:14,702 | INFO | cuda:0 epoch: 51/90 train_loss: 0.2591 valid_loss: 0.4254 epoch_time: 17.533 sec
2024-12-13 00:04:32,301 | INFO | cuda:0 epoch: 52/90 train_loss: 0.2566 valid_loss: 0.4596 epoch_time: 17.599 sec
2024-12-13 00:04:49,935 | INFO | cuda:0 epoch: 53/90 train_loss: 0.2504 valid_loss: 0.4339 epoch_time: 17.634 sec
2024-12-13 00:05:07,633 | INFO | cuda:0 epoch: 54/90 train_loss: 0.2493 valid_loss: 0.4411 epoch_time: 17.698 sec
2024-12-13 00:05:25,580 | INFO | cuda:0 epoch: 55/90 train_loss: 0.2456 valid_loss: 0.4490 epoch_time: 17.947 sec
2024-12-13 00:05:43,239 | INFO | cuda:0 epoch: 56/90 train_loss: 0.2434 valid_loss: 0.4388 epoch_time: 17.660 sec
2024-12-13 00:06:00,957 | INFO | cuda:0 epoch: 57/90 train_loss: 0.2384 valid_loss: 0.4230 epoch_time: 17.717 sec
2024-12-13 00:06:18,656 | INFO | cuda:0 epoch: 58/90 train_loss: 0.2402 valid_loss: 0.4497 epoch_time: 17.699 sec
2024-12-13 00:06:36,315 | INFO | cuda:0 epoch: 59/90 train_loss: 0.2371 valid_loss: 0.4397 epoch_time: 17.659 sec
2024-12-13 00:06:54,191 | INFO | cuda:0 epoch: 60/90 train_loss: 0.2356 valid_loss: 0.4495 epoch_time: 17.876 sec
2024-12-13 00:07:11,939 | INFO | cuda:0 epoch: 61/90 train_loss: 0.2324 valid_loss: 0.4585 epoch_time: 17.748 sec
2024-12-13 00:07:29,698 | INFO | cuda:0 epoch: 62/90 train_loss: 0.2318 valid_loss: 0.4529 epoch_time: 17.759 sec
2024-12-13 00:07:47,536 | INFO | cuda:0 epoch: 63/90 train_loss: 0.2274 valid_loss: 0.4399 epoch_time: 17.838 sec
2024-12-13 00:08:05,369 | INFO | cuda:0 epoch: 64/90 train_loss: 0.2242 valid_loss: 0.4481 epoch_time: 17.833 sec
2024-12-13 00:08:23,379 | INFO | cuda:0 epoch: 65/90 train_loss: 0.2277 valid_loss: 0.4419 epoch_time: 18.010 sec
2024-12-13 00:08:42,148 | INFO | cuda:0 epoch: 66/90 train_loss: 0.2133 valid_loss: 0.4313 epoch_time: 18.769 sec
2024-12-13 00:09:00,323 | INFO | cuda:0 epoch: 67/90 train_loss: 0.2069 valid_loss: 0.4248 epoch_time: 18.174 sec
2024-12-13 00:09:18,258 | INFO | cuda:0 epoch: 68/90 train_loss: 0.2055 valid_loss: 0.4381 epoch_time: 17.935 sec
2024-12-13 00:09:36,010 | INFO | cuda:0 epoch: 69/90 train_loss: 0.2034 valid_loss: 0.4278 epoch_time: 17.752 sec
2024-12-13 00:09:53,939 | INFO | cuda:0 epoch: 70/90 train_loss: 0.2017 valid_loss: 0.4485 epoch_time: 17.929 sec
2024-12-13 00:10:11,847 | INFO | cuda:0 epoch: 71/90 train_loss: 0.2025 valid_loss: 0.4656 epoch_time: 17.907 sec
2024-12-13 00:10:29,572 | INFO | cuda:0 epoch: 72/90 train_loss: 0.1999 valid_loss: 0.4286 epoch_time: 17.725 sec
2024-12-13 00:10:47,212 | INFO | cuda:0 epoch: 73/90 train_loss: 0.2039 valid_loss: 0.4461 epoch_time: 17.641 sec
2024-12-13 00:11:04,984 | INFO | cuda:0 epoch: 74/90 train_loss: 0.2018 valid_loss: 0.4374 epoch_time: 17.772 sec
2024-12-13 00:11:22,804 | INFO | cuda:0 epoch: 75/90 train_loss: 0.1991 valid_loss: 0.4470 epoch_time: 17.819 sec
2024-12-13 00:11:40,968 | INFO | cuda:0 epoch: 76/90 train_loss: 0.2011 valid_loss: 0.4331 epoch_time: 18.163 sec
2024-12-13 00:11:59,187 | INFO | cuda:0 epoch: 77/90 train_loss: 0.1981 valid_loss: 0.4487 epoch_time: 18.219 sec
2024-12-13 00:12:16,991 | INFO | cuda:0 epoch: 78/90 train_loss: 0.1982 valid_loss: 0.4514 epoch_time: 17.804 sec
2024-12-13 00:12:34,620 | INFO | cuda:0 epoch: 79/90 train_loss: 0.1994 valid_loss: 0.4571 epoch_time: 17.628 sec
2024-12-13 00:12:51,246 | INFO | cuda:0 epoch: 80/90 train_loss: 0.1966 valid_loss: 0.4383 epoch_time: 16.627 sec
2024-12-13 00:13:06,655 | INFO | cuda:0 epoch: 81/90 train_loss: 0.1954 valid_loss: 0.4708 epoch_time: 15.409 sec
2024-12-13 00:13:21,710 | INFO | cuda:0 epoch: 82/90 train_loss: 0.1974 valid_loss: 0.4486 epoch_time: 15.055 sec
2024-12-13 00:13:36,680 | INFO | cuda:0 epoch: 83/90 train_loss: 0.1960 valid_loss: 0.4336 epoch_time: 14.969 sec
2024-12-13 00:13:51,707 | INFO | cuda:0 epoch: 84/90 train_loss: 0.1972 valid_loss: 0.4413 epoch_time: 15.027 sec
2024-12-13 00:14:06,787 | INFO | cuda:0 epoch: 85/90 train_loss: 0.1913 valid_loss: 0.4412 epoch_time: 15.080 sec
2024-12-13 00:14:21,800 | INFO | cuda:0 epoch: 86/90 train_loss: 0.1944 valid_loss: 0.4389 epoch_time: 15.013 sec
2024-12-13 00:14:37,058 | INFO | cuda:0 epoch: 87/90 train_loss: 0.1943 valid_loss: 0.4631 epoch_time: 15.258 sec
2024-12-13 00:14:52,661 | INFO | cuda:0 epoch: 88/90 train_loss: 0.1971 valid_loss: 0.4490 epoch_time: 15.603 sec
2024-12-13 00:15:08,320 | INFO | cuda:0 epoch: 89/90 train_loss: 0.1946 valid_loss: 0.4337 epoch_time: 15.659 sec
2024-12-13 00:15:23,609 | INFO | cuda:0 epoch: 90/90 train_loss: 0.1971 valid_loss: 0.4300 epoch_time: 15.288 sec
2024-12-13 00:15:34,857 | INFO | 
train_accuracy: 0.938 train_precision: 0.942 train_recall: 0.938 train_f1: 0.938 valid_accuracy: 0.857 valid_precision: 0.873 valid_recall: 0.857 valid_f1: 0.860 total_time: 1589.532 sec
